[debug] [2020-05-04T17:00:47.608Z] ----------------------------------------------------------------------
[debug] [2020-05-04T17:00:47.611Z] Command:       /usr/local/bin/firebase /Users/marie-noellefromage/.cache/firebase/tools/lib/node_modules/firebase-tools/lib/bin/firebase serve -p 4000
[debug] [2020-05-04T17:00:47.611Z] CLI Version:   8.1.1
[debug] [2020-05-04T17:00:47.611Z] Platform:      darwin
[debug] [2020-05-04T17:00:47.611Z] Node Version:  v12.16.1
[debug] [2020-05-04T17:00:47.613Z] Time:          Mon May 04 2020 19:00:47 GMT+0200 (Central European Summer Time)
[debug] [2020-05-04T17:00:47.613Z] ----------------------------------------------------------------------
[debug] [2020-05-04T17:00:47.613Z] 
[debug] [2020-05-04T17:00:47.630Z] > command requires scopes: ["email","openid","https://www.googleapis.com/auth/cloudplatformprojects.readonly","https://www.googleapis.com/auth/firebase","https://www.googleapis.com/auth/cloud-platform"]
[debug] [2020-05-04T17:00:47.630Z] > authorizing via signed-in user
[debug] [2020-05-04T17:00:47.631Z] [iam] checking project chat-project-85d5b for permissions ["firebase.projects.get"]
[debug] [2020-05-04T17:00:47.635Z] >>> HTTP REQUEST POST https://cloudresourcemanager.googleapis.com/v1/projects/chat-project-85d5b:testIamPermissions  
 {"permissions":["firebase.projects.get"]}
[debug] [2020-05-04T17:00:48.546Z] <<< HTTP RESPONSE 200 {"content-type":"application/json; charset=UTF-8","vary":"X-Origin, Referer, Origin,Accept-Encoding","date":"Mon, 04 May 2020 17:00:48 GMT","server":"ESF","cache-control":"private","x-xss-protection":"0","x-frame-options":"SAMEORIGIN","x-content-type-options":"nosniff","server-timing":"gfet4t7; dur=566","alt-svc":"h3-27=\":443\"; ma=2592000,h3-25=\":443\"; ma=2592000,h3-Q050=\":443\"; ma=2592000,h3-Q049=\":443\"; ma=2592000,h3-Q048=\":443\"; ma=2592000,h3-Q046=\":443\"; ma=2592000,h3-Q043=\":443\"; ma=2592000,quic=\":443\"; ma=2592000; v=\"46,43\"","accept-ranges":"none","transfer-encoding":"chunked"}
[debug] [2020-05-04T17:00:48.549Z] >>> HTTP REQUEST GET https://firebase.googleapis.com/v1beta1/projects/chat-project-85d5b  
 
[debug] [2020-05-04T17:00:48.931Z] <<< HTTP RESPONSE 200 {"content-type":"application/json; charset=UTF-8","vary":"X-Origin, Referer, Origin,Accept-Encoding","date":"Mon, 04 May 2020 17:00:48 GMT","server":"ESF","cache-control":"private","x-xss-protection":"0","x-frame-options":"SAMEORIGIN","x-content-type-options":"nosniff","alt-svc":"h3-Q050=\":443\"; ma=2592000,h3-Q049=\":443\"; ma=2592000,h3-Q048=\":443\"; ma=2592000,h3-Q046=\":443\"; ma=2592000,h3-Q043=\":443\"; ma=2592000,quic=\":443\"; ma=2592000; v=\"46,43\"","accept-ranges":"none","transfer-encoding":"chunked"}
[info] 
[info] === Serving from '/Users/marie-noellefromage/code/mainoee/chat-project'...
[info] 
[debug] [2020-05-04T17:00:48.934Z] >>> HTTP REQUEST GET https://firebase.googleapis.com/v1beta1/projects/chat-project-85d5b/webApps/-/config  
 
[debug] [2020-05-04T17:00:49.761Z] <<< HTTP RESPONSE 200 {"content-type":"application/json; charset=UTF-8","vary":"X-Origin, Referer, Origin,Accept-Encoding","date":"Mon, 04 May 2020 17:00:49 GMT","server":"ESF","cache-control":"private","x-xss-protection":"0","x-frame-options":"SAMEORIGIN","x-content-type-options":"nosniff","alt-svc":"h3-Q050=\":443\"; ma=2592000,h3-Q049=\":443\"; ma=2592000,h3-Q048=\":443\"; ma=2592000,h3-Q046=\":443\"; ma=2592000,h3-Q043=\":443\"; ma=2592000,quic=\":443\"; ma=2592000; v=\"46,43\"","accept-ranges":"none","transfer-encoding":"chunked"}
[info] i  hosting: Serving hosting files from: build
[info] ✔  hosting: Local server: http://localhost:4000
[debug] [2020-05-04T17:06:05.752Z] ----------------------------------------------------------------------
[debug] [2020-05-04T17:06:05.755Z] Command:       /usr/local/bin/firebase /Users/marie-noellefromage/.cache/firebase/tools/lib/node_modules/firebase-tools/lib/bin/firebase serve -p 4000
[debug] [2020-05-04T17:06:05.755Z] CLI Version:   8.1.1
[debug] [2020-05-04T17:06:05.755Z] Platform:      darwin
[debug] [2020-05-04T17:06:05.756Z] Node Version:  v12.16.1
[debug] [2020-05-04T17:06:05.757Z] Time:          Mon May 04 2020 19:06:05 GMT+0200 (Central European Summer Time)
[debug] [2020-05-04T17:06:05.757Z] ----------------------------------------------------------------------
[debug] [2020-05-04T17:06:05.757Z] 
[debug] [2020-05-04T17:06:05.775Z] > command requires scopes: ["email","openid","https://www.googleapis.com/auth/cloudplatformprojects.readonly","https://www.googleapis.com/auth/firebase","https://www.googleapis.com/auth/cloud-platform"]
[debug] [2020-05-04T17:06:05.775Z] > authorizing via signed-in user
[debug] [2020-05-04T17:06:05.776Z] [iam] checking project chat-project-85d5b for permissions ["firebase.projects.get"]
[debug] [2020-05-04T17:06:05.779Z] >>> HTTP REQUEST POST https://cloudresourcemanager.googleapis.com/v1/projects/chat-project-85d5b:testIamPermissions  
 {"permissions":["firebase.projects.get"]}
[debug] [2020-05-04T17:06:06.641Z] <<< HTTP RESPONSE 200 {"content-type":"application/json; charset=UTF-8","vary":"X-Origin, Referer, Origin,Accept-Encoding","date":"Mon, 04 May 2020 17:06:06 GMT","server":"ESF","cache-control":"private","x-xss-protection":"0","x-frame-options":"SAMEORIGIN","x-content-type-options":"nosniff","server-timing":"gfet4t7; dur=574","alt-svc":"h3-27=\":443\"; ma=2592000,h3-25=\":443\"; ma=2592000,h3-Q050=\":443\"; ma=2592000,h3-Q049=\":443\"; ma=2592000,h3-Q048=\":443\"; ma=2592000,h3-Q046=\":443\"; ma=2592000,h3-Q043=\":443\"; ma=2592000,quic=\":443\"; ma=2592000; v=\"46,43\"","accept-ranges":"none","transfer-encoding":"chunked"}
[debug] [2020-05-04T17:06:06.643Z] >>> HTTP REQUEST GET https://firebase.googleapis.com/v1beta1/projects/chat-project-85d5b  
 
[debug] [2020-05-04T17:06:06.939Z] <<< HTTP RESPONSE 200 {"content-type":"application/json; charset=UTF-8","vary":"X-Origin, Referer, Origin,Accept-Encoding","date":"Mon, 04 May 2020 17:06:06 GMT","server":"ESF","cache-control":"private","x-xss-protection":"0","x-frame-options":"SAMEORIGIN","x-content-type-options":"nosniff","alt-svc":"h3-Q050=\":443\"; ma=2592000,h3-Q049=\":443\"; ma=2592000,h3-Q048=\":443\"; ma=2592000,h3-Q046=\":443\"; ma=2592000,h3-Q043=\":443\"; ma=2592000,quic=\":443\"; ma=2592000; v=\"46,43\"","accept-ranges":"none","transfer-encoding":"chunked"}
[info] 
[info] === Serving from '/Users/marie-noellefromage/code/mainoee/chat-project'...
[info] 
[debug] [2020-05-04T17:06:06.947Z] >>> HTTP REQUEST GET https://firebase.googleapis.com/v1beta1/projects/chat-project-85d5b/webApps/-/config  
 
[debug] [2020-05-04T17:06:07.653Z] <<< HTTP RESPONSE 200 {"content-type":"application/json; charset=UTF-8","vary":"X-Origin, Referer, Origin,Accept-Encoding","date":"Mon, 04 May 2020 17:06:07 GMT","server":"ESF","cache-control":"private","x-xss-protection":"0","x-frame-options":"SAMEORIGIN","x-content-type-options":"nosniff","alt-svc":"h3-Q050=\":443\"; ma=2592000,h3-Q049=\":443\"; ma=2592000,h3-Q048=\":443\"; ma=2592000,h3-Q046=\":443\"; ma=2592000,h3-Q043=\":443\"; ma=2592000,quic=\":443\"; ma=2592000; v=\"46,43\"","accept-ranges":"none","transfer-encoding":"chunked"}
[info] i  hosting: Serving hosting files from: build
[info] ✔  hosting: Local server: http://localhost:4000
